The system is: Windows - 10.0.22621 - AMD64
Compiling the C compiler identification source file "CMakeCCompilerId.c" succeeded.
Compiler: C:/Program Files/JetBrains/CLion 2022.1/bin/mingw/bin/gcc.exe 
Build flags: 
Id flags:  

The output was:
0


Compilation of the C compiler identification source "CMakeCCompilerId.c" produced "a.exe"

The C compiler identification is GNU, found in "F:/TrainingPSeriously/cmake-build-debug/CMakeFiles/3.22.3/CompilerIdC/a.exe"

Compiling the CXX compiler identification source file "CMakeCXXCompilerId.cpp" succeeded.
Compiler: C:/Program Files/JetBrains/CLion 2022.1/bin/mingw/bin/g++.exe 
Build flags: 
Id flags:  

The output was:
0


Compilation of the CXX compiler identification source "CMakeCXXCompilerId.cpp" produced "a.exe"

The CXX compiler identification is GNU, found in "F:/TrainingPSeriously/cmake-build-debug/CMakeFiles/3.22.3/CompilerIdCXX/a.exe"

Determining if the C compiler works passed with the following output:
Change Dir: F:/TrainingPSeriously/cmake-build-debug/CMakeFiles/CMakeTmp

Run Build Command(s):C:/Program Files/JetBrains/CLion 2022.1/bin/ninja/win/ninja.exe cmTC_0a09e && [1/2] Building C object CMakeFiles/cmTC_0a09e.dir/testCCompiler.c.obj
[2/2] Linking C executable cmTC_0a09e.exe



Determining if the CXX compiler works passed with the following output:
Change Dir: F:/TrainingPSeriously/cmake-build-debug/CMakeFiles/CMakeTmp

Run Build Command(s):C:/Program Files/JetBrains/CLion 2022.1/bin/ninja/win/ninja.exe cmTC_44c94 && [1/2] Building CXX object CMakeFiles/cmTC_44c94.dir/testCXXCompiler.cxx.obj
[2/2] Linking CXX executable cmTC_44c94.exe



